[ 2023-10-08 14:50:58,598 ] 16 root - INFO - yaml file: config\config.yaml loaded successfully
[ 2023-10-08 14:50:58,600 ] 16 root - INFO - yaml file: params.yaml loaded successfully
[ 2023-10-08 14:50:58,601 ] 29 root - INFO - Creating directory at: artifacts
[ 2023-10-08 14:50:58,601 ] 10 root - INFO - Exception in python script C:\Users\91962\AppData\Local\Temp\ipykernel_23500\2071682978.py, line 3, error_message: "'ConfigBox' object has no attribute 'pre_base_model'"
[ 2023-10-08 14:52:02,717 ] 16 root - INFO - yaml file: config\config.yaml loaded successfully
[ 2023-10-08 14:52:02,718 ] 16 root - INFO - yaml file: params.yaml loaded successfully
[ 2023-10-08 14:52:02,718 ] 29 root - INFO - Creating directory at: artifacts
[ 2023-10-08 14:52:02,719 ] 29 root - INFO - Creating directory at: artifacts/prepare_base_model
[ 2023-10-08 14:52:29,500 ] 359 tensorflow - WARNING - Compiled the loaded model, but the compiled metrics have yet to be built. `model.compile_metrics` will be empty until you train or evaluate the model.
[ 2023-10-08 14:52:29,605 ] 10 root - INFO - Exception in python script C:\Users\91962\AppData\Local\Temp\ipykernel_23500\2071682978.py, line 6, error_message: module 'keras.api._v2.keras' has no attribute 'model'
[ 2023-10-08 14:53:34,354 ] 16 root - INFO - yaml file: config\config.yaml loaded successfully
[ 2023-10-08 14:53:34,356 ] 16 root - INFO - yaml file: params.yaml loaded successfully
[ 2023-10-08 14:53:34,356 ] 29 root - INFO - Creating directory at: artifacts
[ 2023-10-08 14:53:34,356 ] 29 root - INFO - Creating directory at: artifacts/prepare_base_model
[ 2023-10-08 14:53:34,681 ] 359 tensorflow - WARNING - Compiled the loaded model, but the compiled metrics have yet to be built. `model.compile_metrics` will be empty until you train or evaluate the model.
[ 2023-10-08 14:53:34,762 ] 10 root - INFO - Exception in python script C:\Users\91962\AppData\Local\Temp\ipykernel_23500\2071682978.py, line 6, error_message: Missing required positional argument
[ 2023-10-08 14:55:16,462 ] 16 root - INFO - yaml file: config\config.yaml loaded successfully
[ 2023-10-08 14:55:16,464 ] 16 root - INFO - yaml file: params.yaml loaded successfully
[ 2023-10-08 14:55:16,464 ] 29 root - INFO - Creating directory at: artifacts
[ 2023-10-08 14:55:16,464 ] 29 root - INFO - Creating directory at: artifacts/prepare_base_model
[ 2023-10-08 14:55:16,750 ] 359 tensorflow - WARNING - Compiled the loaded model, but the compiled metrics have yet to be built. `model.compile_metrics` will be empty until you train or evaluate the model.
[ 2023-10-08 14:55:16,834 ] 10 root - INFO - Exception in python script C:\Users\91962\AppData\Local\Temp\ipykernel_23500\2071682978.py, line 6, error_message: 'PrepareBaseModelConfig' object has no attribute 'updated_base_model_path'
[ 2023-10-08 14:56:49,465 ] 16 root - INFO - yaml file: config\config.yaml loaded successfully
[ 2023-10-08 14:56:49,467 ] 16 root - INFO - yaml file: params.yaml loaded successfully
[ 2023-10-08 14:56:49,467 ] 29 root - INFO - Creating directory at: artifacts
[ 2023-10-08 14:56:49,467 ] 29 root - INFO - Creating directory at: artifacts/prepare_base_model
[ 2023-10-08 14:56:49,754 ] 359 tensorflow - WARNING - Compiled the loaded model, but the compiled metrics have yet to be built. `model.compile_metrics` will be empty until you train or evaluate the model.
[ 2023-10-08 14:56:49,839 ] 10 root - INFO - Exception in python script C:\Users\91962\AppData\Local\Temp\ipykernel_23500\2071682978.py, line 6, error_message: 'NoneType' object has no attribute 'save'
[ 2023-10-08 14:56:54,004 ] 16 root - INFO - yaml file: config\config.yaml loaded successfully
[ 2023-10-08 14:56:54,006 ] 16 root - INFO - yaml file: params.yaml loaded successfully
[ 2023-10-08 14:56:54,006 ] 29 root - INFO - Creating directory at: artifacts
[ 2023-10-08 14:56:54,006 ] 29 root - INFO - Creating directory at: artifacts/prepare_base_model
[ 2023-10-08 14:56:54,318 ] 359 tensorflow - WARNING - Compiled the loaded model, but the compiled metrics have yet to be built. `model.compile_metrics` will be empty until you train or evaluate the model.
[ 2023-10-08 14:56:54,402 ] 10 root - INFO - Exception in python script C:\Users\91962\AppData\Local\Temp\ipykernel_23500\2071682978.py, line 6, error_message: 'NoneType' object has no attribute 'save'
[ 2023-10-08 14:59:45,005 ] 16 root - INFO - yaml file: config\config.yaml loaded successfully
[ 2023-10-08 14:59:45,007 ] 16 root - INFO - yaml file: params.yaml loaded successfully
[ 2023-10-08 14:59:45,007 ] 29 root - INFO - Creating directory at: artifacts
[ 2023-10-08 14:59:45,007 ] 29 root - INFO - Creating directory at: artifacts/prepare_base_model
[ 2023-10-08 14:59:45,294 ] 359 tensorflow - WARNING - Compiled the loaded model, but the compiled metrics have yet to be built. `model.compile_metrics` will be empty until you train or evaluate the model.
[ 2023-10-08 14:59:45,382 ] 10 root - INFO - Exception in python script C:\Users\91962\AppData\Local\Temp\ipykernel_23500\2071682978.py, line 6, error_message: 'NoneType' object has no attribute 'save'
[ 2023-10-08 15:01:45,653 ] 16 root - INFO - yaml file: config\config.yaml loaded successfully
[ 2023-10-08 15:01:45,655 ] 16 root - INFO - yaml file: params.yaml loaded successfully
[ 2023-10-08 15:01:45,655 ] 29 root - INFO - Creating directory at: artifacts
[ 2023-10-08 15:01:45,655 ] 29 root - INFO - Creating directory at: artifacts/prepare_base_model
[ 2023-10-08 15:01:45,962 ] 359 tensorflow - WARNING - Compiled the loaded model, but the compiled metrics have yet to be built. `model.compile_metrics` will be empty until you train or evaluate the model.
