[2023-10-30 22:46:52,944:] 41: root -INFO - Creating directory: src\textSummarizer for the filename: __init__.py
[2023-10-30 22:46:52,944:] 46: root -INFO - Creating file: __init__.py
[2023-10-30 22:46:52,944:] 41: root -INFO - Creating directory: src\textSummarizer\components for the filename: __init__.py
[2023-10-30 22:46:52,945:] 46: root -INFO - Creating file: __init__.py
[2023-10-30 22:46:52,945:] 41: root -INFO - Creating directory: src\textSummarizer\utils for the filename: __init__.py
[2023-10-30 22:46:52,945:] 46: root -INFO - Creating file: __init__.py
[2023-10-30 22:46:52,945:] 41: root -INFO - Creating directory: src\textSummarizer\utils for the filename: common.py
[2023-10-30 22:46:52,946:] 46: root -INFO - Creating file: common.py
[2023-10-30 22:46:52,946:] 41: root -INFO - Creating directory: src\textSummarizer\logging for the filename: __init__.py
[2023-10-30 22:46:52,947:] 46: root -INFO - Creating file: __init__.py
[2023-10-30 22:46:52,947:] 41: root -INFO - Creating directory: src\textSummarizer\config for the filename: __init__.py
[2023-10-30 22:46:52,947:] 46: root -INFO - Creating file: __init__.py
[2023-10-30 22:46:52,947:] 41: root -INFO - Creating directory: src\textSummarizer\config for the filename: configuration.py
[2023-10-30 22:46:52,947:] 46: root -INFO - Creating file: configuration.py
[2023-10-30 22:46:52,948:] 41: root -INFO - Creating directory: src\textSummarizer\pipeline for the filename: __init__.py
[2023-10-30 22:46:52,948:] 46: root -INFO - Creating file: __init__.py
[2023-10-30 22:46:52,949:] 41: root -INFO - Creating directory: src\textSummarizer\entity for the filename: __init__.py
[2023-10-30 22:46:52,949:] 46: root -INFO - Creating file: __init__.py
[2023-10-30 22:46:52,949:] 41: root -INFO - Creating directory: src\textSummarizer\constants for the filename: __init__.py
[2023-10-30 22:46:52,949:] 46: root -INFO - Creating file: __init__.py
[2023-10-30 22:46:52,950:] 41: root -INFO - Creating directory: config for the filename: config.yaml
[2023-10-30 22:46:52,950:] 46: root -INFO - Creating file: config.yaml
[2023-10-30 22:46:52,951:] 46: root -INFO - Creating file: params.yaml
[2023-10-30 22:46:52,951:] 46: root -INFO - Creating file: app.py
[2023-10-30 22:46:52,952:] 46: root -INFO - Creating file: main.py
[2023-10-30 22:46:52,952:] 46: root -INFO - Creating file: Dockerfile
[2023-10-30 22:46:52,953:] 46: root -INFO - Creating file: requirements.txt
[2023-10-30 22:46:52,953:] 46: root -INFO - Creating file: setup.py
[2023-10-30 22:46:52,953:] 41: root -INFO - Creating directory: research for the filename: trials.ipynb
[2023-10-30 22:46:52,954:] 46: root -INFO - Creating file: trials.ipynb
[2023-10-30 22:46:52,954:] 46: root -INFO - Creating file: exception.py
