[ 2023-10-08 15:29:40,441 ] 11 root - INFO - >>>>>>>>stage Data Ingestion stage started <<<<<<<<
[ 2023-10-08 15:29:40,442 ] 16 root - INFO - yaml file: config\config.yaml loaded successfully
[ 2023-10-08 15:29:40,444 ] 16 root - INFO - yaml file: params.yaml loaded successfully
[ 2023-10-08 15:29:40,444 ] 29 root - INFO - Creating directory at: artifacts
[ 2023-10-08 15:29:40,444 ] 29 root - INFO - Creating directory at: artifacts/data_ingestion
[ 2023-10-08 15:29:55,845 ] 25 root - INFO - artifacts/data_ingestion/data.zip downloaded! With following info: 
Connection: close
Content-Length: 11616915
Cache-Control: max-age=300
Content-Security-Policy: default-src 'none'; style-src 'unsafe-inline'; sandbox
Content-Type: application/zip
ETag: "adf745abc03891fe493c3be264ec012691fe3fa21d861f35a27edbe6d86a76b1"
Strict-Transport-Security: max-age=31536000
X-Content-Type-Options: nosniff
X-Frame-Options: deny
X-XSS-Protection: 1; mode=block
X-GitHub-Request-Id: C726:1EE5:68AF7C:85CFF2:65227D8D
Accept-Ranges: bytes
Date: Sun, 08 Oct 2023 09:59:44 GMT
Via: 1.1 varnish
X-Served-By: cache-maa10237-MAA
X-Cache: MISS
X-Cache-Hits: 0
X-Timer: S1696759181.457437,VS0,VE3507
Vary: Authorization,Accept-Encoding,Origin
Access-Control-Allow-Origin: *
Cross-Origin-Resource-Policy: cross-origin
X-Fastly-Request-ID: 6c07a97ba44dc2eb734c38c4476907e498d07548
Expires: Sun, 08 Oct 2023 10:04:44 GMT
Source-Age: 2


[ 2023-10-08 15:29:56,020 ] 14 root - INFO - >>>>>>>> stage Data Ingestion stage completed <<<<<<<<<<< 

x=============x
[ 2023-10-08 15:29:56,020 ] 22 root - INFO - >>>>>>>>stage Prepare base model started <<<<<<<<
[ 2023-10-08 15:29:56,021 ] 16 root - INFO - yaml file: config\config.yaml loaded successfully
[ 2023-10-08 15:29:56,022 ] 16 root - INFO - yaml file: params.yaml loaded successfully
[ 2023-10-08 15:29:56,022 ] 29 root - INFO - Creating directory at: artifacts
[ 2023-10-08 15:29:56,023 ] 29 root - INFO - Creating directory at: artifacts/prepare_base_model
[ 2023-10-08 15:29:56,349 ] 359 tensorflow - WARNING - Compiled the loaded model, but the compiled metrics have yet to be built. `model.compile_metrics` will be empty until you train or evaluate the model.
[ 2023-10-08 15:29:56,493 ] 25 root - INFO - >>>>>>>> stage Prepare base model completed <<<<<<<<<<< 

x=============x
